<?xml version="1.0" encoding="UTF-8"?>
<!-- Generated by org.testng.reporters.JUnitReportReporter -->
<testsuite hostname="DESKTOP-J1CGGHU" failures="0" tests="4" name="com.datadriven.dataprovider.facebookTest" time="26.709" errors="0" timestamp="2021-02-19T12:52:56 IST" skipped="0">
  <testcase classname="com.datadriven.dataprovider.facebookTest" name="facebookRegPageTest" time="6.094"/>
  <system-out/>
  <testcase classname="com.datadriven.dataprovider.facebookTest" name="facebookRegPageTest" time="7.138"/>
  <system-out/>
  <testcase classname="com.datadriven.dataprovider.facebookTest" name="facebookRegPageTest" time="6.059"/>
  <system-out/>
  <testcase classname="com.datadriven.dataprovider.facebookTest" name="facebookRegPageTest" time="7.418"/>
  <system-out/>
</testsuite> <!-- com.datadriven.dataprovider.facebookTest -->
