<?xml version="1.0" encoding="UTF-8"?>
<!-- Generated by org.testng.reporters.JUnitReportReporter -->
<testsuite skipped="0" hostname="DESKTOP-J1CGGHU" name="com.test.InvocationCountTest" tests="10" failures="0" timestamp="2021-01-19T13:06:32 IST" time="0.093" errors="0">
  <testcase name="sum" time="0.002" classname="com.test.InvocationCountTest"/>
  <system-out/>
  <testcase name="sum" time="0.012" classname="com.test.InvocationCountTest"/>
  <system-out/>
  <testcase name="sum" time="0.010" classname="com.test.InvocationCountTest"/>
  <system-out/>
  <testcase name="sum" time="0.012" classname="com.test.InvocationCountTest"/>
  <system-out/>
  <testcase name="sum" time="0.002" classname="com.test.InvocationCountTest"/>
  <system-out/>
  <testcase name="sum" time="0.002" classname="com.test.InvocationCountTest"/>
  <system-out/>
  <testcase name="sum" time="0.023" classname="com.test.InvocationCountTest"/>
  <system-out/>
  <testcase name="sum" time="0.015" classname="com.test.InvocationCountTest"/>
  <system-out/>
  <testcase name="sum" time="0.004" classname="com.test.InvocationCountTest"/>
  <system-out/>
  <testcase name="sum" time="0.011" classname="com.test.InvocationCountTest"/>
  <system-out/>
</testsuite> <!-- com.test.InvocationCountTest -->
