<?xml version="1.0" encoding="UTF-8"?>
<!-- Generated by org.testng.reporters.JUnitReportReporter -->
<testsuite hostname="DESKTOP-J1CGGHU" failures="0" tests="1" name="com.hashmap.FreeCRMTest" time="14.137" errors="0" timestamp="2021-02-20T20:15:57 IST" skipped="0">
  <testcase classname="com.hashmap.FreeCRMTest" name="loginWithCustomerUserTest" time="14.137"/>
  <system-out/>
</testsuite> <!-- com.hashmap.FreeCRMTest -->
