<?xml version="1.0" encoding="UTF-8"?>
<!-- Generated by org.testng.reporters.JUnitReportReporter -->
<testsuite skipped="0" hostname="DESKTOP-J1CGGHU" name="com.test.GoogleTitleTest" tests="2" failures="0" timestamp="2021-01-19T13:06:31 IST" time="117.017" errors="0">
  <testcase name="googleTitleTest" time="28.444" classname="com.test.GoogleTitleTest"/>
  <system-out/>
  <testcase name="googleLogoTest" time="88.573" classname="com.test.GoogleTitleTest"/>
  <system-out/>
</testsuite> <!-- com.test.GoogleTitleTest -->
