<?xml version="1.0" encoding="UTF-8"?>
<!-- Generated by org.testng.reporters.JUnitReportReporter -->
<testsuite skipped="0" hostname="DESKTOP-J1CGGHU" name="com.test.DependsOnMethods" tests="8" failures="0" timestamp="2021-01-19T13:06:31 IST" time="0.071" errors="0">
  <testcase name="launchBrowser" time="0.009" classname="com.test.DependsOnMethods"/>
  <system-out/>
  <testcase name="googleLogoTest" time="0.003" classname="com.test.DependsOnMethods"/>
  <system-out/>
  <testcase name="googleTitleTest" time="0.005" classname="com.test.DependsOnMethods"/>
  <system-out/>
  <testcase name="searchTest" time="0.002" classname="com.test.DependsOnMethods"/>
  <system-out/>
  <testcase name="closeBrowser" time="0.019" classname="com.test.DependsOnMethods"/>
  <system-out/>
  <testcase name="enterUrl" time="0.008" classname="com.test.DependsOnMethods"/>
  <system-out/>
  <testcase name="logout" time="0.020" classname="com.test.DependsOnMethods"/>
  <system-out/>
  <testcase name="login" time="0.005" classname="com.test.DependsOnMethods"/>
  <system-out/>
</testsuite> <!-- com.test.DependsOnMethods -->
