<?xml version="1.0" encoding="UTF-8"?>
<!-- Generated by org.testng.reporters.JUnitReportReporter -->
<testsuite skipped="0" hostname="DESKTOP-J1CGGHU" name="com.test.TestNGBasics" tests="3" failures="0" timestamp="2021-01-19T13:06:31 IST" time="0.186" errors="0">
  <testcase name="googleTitleTest" time="0.038" classname="com.test.TestNGBasics"/>
  <system-out/>
  <testcase name="googleLogoTest" time="0.025" classname="com.test.TestNGBasics"/>
  <system-out/>
  <testcase name="searchTest" time="0.123" classname="com.test.TestNGBasics"/>
  <system-out/>
</testsuite> <!-- com.test.TestNGBasics -->
